<?xml version="1.0" encoding="UTF-8"?>
<!-- Generated by org.testng.reporters.JUnitXMLReporter -->
<testsuite ignored="0" hostname="LAPTOP-8QH12R2U" failures="0" tests="8" name="ChromeTest" time="24.555" errors="0" timestamp="2026-04-10T14:02:34 IST">
  <testcase classname="testCases.TC_004_EndToEndTest" name="verify_registration_and_login_flow" time="6.458"/>
  <testcase classname="testCases.TC_001_AccountRegisterationTest" name="verify_Account_Registeration" time="4.492"/>
  <testcase classname="testCases.TC_001_AccountRegisterationTest" name="verify_mandatoryFieldErrors" time="2.549"/>
  <testcase classname="testCases.TC_001_AccountRegisterationTest" name="verify_passwordFieldAppearsAsPasswordType" time="0.567"/>
  <testcase classname="testCases.TC_001_AccountRegisterationTest" name="verify_emailFieldAppearsAsEmailType" time="0.867"/>
  <testcase classname="testCases.TC_002_LoginTest" name="verify_Login" time="1.955"/>
  <testcase classname="testCases.TC_002_LoginTest" name="verify_forgottenPassword" time="1.773"/>
  <testcase classname="testCases.TC_002_LoginTest" name="verifyErrorMessageForInvalidLoginCredentials" time="1.163"/>
</testsuite> <!-- ChromeTest -->
