<?xml version="1.0" encoding="UTF-8"?>
<!-- Generated by org.testng.reporters.JUnitXMLReporter -->
<testsuite ignored="0" hostname="LAPTOP-8QH12R2U" failures="0" tests="7" name="ChromeTest" time="27.625" errors="0" timestamp="2026-04-10T11:49:04 IST">
  <testcase classname="testCases.TC_004_EndToEndTest" name="verify_registration_and_login_flow" time="7.922"/>
  <testcase classname="testCases.TC_001_AccountRegisterationTest" name="verify_Account_Registeration" time="4.08"/>
  <testcase classname="testCases.TC_001_AccountRegisterationTest" name="verify_mandatoryFieldErrors" time="2.052"/>
  <testcase classname="testCases.TC_001_AccountRegisterationTest" name="verify_passwordFieldAppearsAsPasswordType" time="2.028"/>
  <testcase classname="testCases.TC_001_AccountRegisterationTest" name="verify_emailFieldAppearsAsEmailType" time="1.07"/>
  <testcase classname="testCases.TC_002_LoginTest" name="verify_Login" time="2.514"/>
  <testcase classname="testCases.TC_002_LoginTest" name="verify_forgottenPassword" time="2.262"/>
</testsuite> <!-- ChromeTest -->
