<?xml version="1.0" encoding="UTF-8"?>
<!-- Generated by org.testng.reporters.JUnitXMLReporter -->
<testsuite ignored="0" hostname="LAPTOP-8QH12R2U" failures="0" tests="2" name="FirefoxTest" time="0.093" errors="0" timestamp="2026-04-06T20:45:14 IST">
  <testcase classname="testCases.TC_001_AccountRegisterationTest" name="verify_Account_Registeration" time="0.0">
    <skipped/>
  </testcase> <!-- verify_Account_Registeration -->
  <testcase classname="testCases.TC_002_LoginTest" name="verify_Login" time="0.0">
    <skipped/>
  </testcase> <!-- verify_Login -->
</testsuite> <!-- FirefoxTest -->
