<?xml version="1.0" encoding="UTF-8"?>
<testsuite xmlns:xsi="http://www.w3.org/2001/XMLSchema-instance" xsi:noNamespaceSchemaLocation="https://maven.apache.org/surefire/maven-surefire-plugin/xsd/surefire-test-report-3.0.xsd" version="3.0" name="TestSuite" time="25.961" tests="8" errors="0" skipped="0" failures="0">
  <properties>
[...]
</properties>
  <testcase name="verify_registration_and_login_flow" classname="testCases.TC_004_EndToEndTest" time="6.474">
    <system-err><![CDATA[2026-04-10T08:32:08.448509900Z main INFO Starting configuration XmlConfiguration[location=D:\Automation Projects\OpenCartV121\target\test-classes\log4j2.xml, lastModified=2026-03-18T09:34:37.298Z]...
2026-04-10T08:32:08.449493200Z main INFO Configuration XmlConfiguration[location=D:\Automation Projects\OpenCartV121\target\test-classes\log4j2.xml, lastModified=2026-03-18T09:34:37.298Z] started.
2026-04-10T08:32:08.451492900Z main INFO Stopping configuration org.apache.logging.log4j.core.config.DefaultConfiguration@2667f029...
2026-04-10T08:32:08.451492900Z main INFO Configuration org.apache.logging.log4j.core.config.DefaultConfiguration@2667f029 stopped.
Apr 10, 2026 2:02:08 PM org.openqa.selenium.remote.tracing.opentelemetry.OpenTelemetryTracer createTracer
INFO: Using OpenTelemetry for tracing
]]></system-err>
  </testcase>
  <testcase name="verify_Account_Registeration" classname="testCases.TC_001_AccountRegisterationTest" time="4.49"/>
  <testcase name="verify_mandatoryFieldErrors" classname="testCases.TC_001_AccountRegisterationTest" time="2.549"/>
  <testcase name="verify_passwordFieldAppearsAsPasswordType" classname="testCases.TC_001_AccountRegisterationTest" time="0.567">
    <system-out><![CDATA[Password Type is: password
]]></system-out>
  </testcase>
  <testcase name="verify_emailFieldAppearsAsEmailType" classname="testCases.TC_001_AccountRegisterationTest" time="0.867"/>
  <testcase name="verify_Login" classname="testCases.TC_002_LoginTest" time="1.956"/>
  <testcase name="verify_forgottenPassword" classname="testCases.TC_002_LoginTest" time="1.775"/>
  <testcase name="verifyErrorMessageForInvalidLoginCredentials" classname="testCases.TC_002_LoginTest" time="1.162"/>
</testsuite>