<?xml version="1.0" encoding="UTF-8"?>
<testng-results ignored="0" total="7" passed="7" failed="0" skipped="0">
  <reporter-output>
  </reporter-output>
  <suite started-at="2026-04-10T11:48:35 IST" name="Master Suite" finished-at="2026-04-10T11:49:03 IST" duration-ms="27625">
    <groups>
      <group name="Master">
        <method signature="TC_001_AccountRegisterationTest.verify_Account_Registeration()[pri:1, instance:testCases.TC_001_AccountRegisterationTest@36328d33]" name="verify_Account_Registeration" class="testCases.TC_001_AccountRegisterationTest"/>
        <method signature="TC_002_LoginTest.verify_Login()[pri:1, instance:testCases.TC_002_LoginTest@2c4d1ac]" name="verify_Login" class="testCases.TC_002_LoginTest"/>
      </group> <!-- Master -->
      <group name="Sanity">
        <method signature="TC_002_LoginTest.verify_Login()[pri:1, instance:testCases.TC_002_LoginTest@2c4d1ac]" name="verify_Login" class="testCases.TC_002_LoginTest"/>
      </group> <!-- Sanity -->
      <group name="Regression">
        <method signature="TC_001_AccountRegisterationTest.verify_Account_Registeration()[pri:1, instance:testCases.TC_001_AccountRegisterationTest@36328d33]" name="verify_Account_Registeration" class="testCases.TC_001_AccountRegisterationTest"/>
      </group> <!-- Regression -->
    </groups>
    <test started-at="2026-04-10T11:48:35 IST" name="ChromeTest" finished-at="2026-04-10T11:49:03 IST" duration-ms="27625">
      <class name="testCases.TC_001_AccountRegisterationTest">
        <test-method is-config="true" signature="setUp(java.lang.String,java.lang.String)[pri:0, instance:testCases.TC_001_AccountRegisterationTest@36328d33]" started-at="2026-04-10T11:48:46 IST" name="setUp" finished-at="2026-04-10T11:48:47 IST" duration-ms="1347" status="PASS">
          <params>
            <param index="0">
              <value>
                <![CDATA[Windows]]>
              </value>
            </param>
            <param index="1">
              <value>
                <![CDATA[chrome]]>
              </value>
            </param>
          </params>
          <reporter-output>
          </reporter-output>
        </test-method> <!-- setUp -->
        <test-method signature="verify_Account_Registeration()[pri:1, instance:testCases.TC_001_AccountRegisterationTest@36328d33]" started-at="2026-04-10T11:48:47 IST" name="verify_Account_Registeration" finished-at="2026-04-10T11:48:51 IST" duration-ms="4080" status="PASS">
          <reporter-output>
          </reporter-output>
        </test-method> <!-- verify_Account_Registeration -->
        <test-method signature="verify_mandatoryFieldErrors()[pri:2, instance:testCases.TC_001_AccountRegisterationTest@36328d33]" started-at="2026-04-10T11:48:51 IST" name="verify_mandatoryFieldErrors" finished-at="2026-04-10T11:48:53 IST" duration-ms="2052" status="PASS">
          <reporter-output>
          </reporter-output>
        </test-method> <!-- verify_mandatoryFieldErrors -->
        <test-method signature="verify_passwordFieldAppearsAsPasswordType()[pri:4, instance:testCases.TC_001_AccountRegisterationTest@36328d33]" started-at="2026-04-10T11:48:53 IST" name="verify_passwordFieldAppearsAsPasswordType" finished-at="2026-04-10T11:48:55 IST" duration-ms="2028" status="PASS">
          <reporter-output>
          </reporter-output>
        </test-method> <!-- verify_passwordFieldAppearsAsPasswordType -->
        <test-method signature="verify_emailFieldAppearsAsEmailType()[pri:5, instance:testCases.TC_001_AccountRegisterationTest@36328d33]" started-at="2026-04-10T11:48:55 IST" name="verify_emailFieldAppearsAsEmailType" finished-at="2026-04-10T11:48:56 IST" duration-ms="1070" status="PASS">
          <reporter-output>
          </reporter-output>
        </test-method> <!-- verify_emailFieldAppearsAsEmailType -->
        <test-method is-config="true" signature="tearDown()[pri:0, instance:testCases.TC_001_AccountRegisterationTest@36328d33]" started-at="2026-04-10T11:48:56 IST" name="tearDown" finished-at="2026-04-10T11:48:57 IST" duration-ms="212" status="PASS">
          <reporter-output>
          </reporter-output>
        </test-method> <!-- tearDown -->
      </class> <!-- testCases.TC_001_AccountRegisterationTest -->
      <class name="testCases.TC_002_LoginTest">
        <test-method is-config="true" signature="setUp(java.lang.String,java.lang.String)[pri:0, instance:testCases.TC_002_LoginTest@2c4d1ac]" started-at="2026-04-10T11:48:57 IST" name="setUp" finished-at="2026-04-10T11:48:58 IST" duration-ms="1319" status="PASS">
          <params>
            <param index="0">
              <value>
                <![CDATA[Windows]]>
              </value>
            </param>
            <param index="1">
              <value>
                <![CDATA[chrome]]>
              </value>
            </param>
          </params>
          <reporter-output>
          </reporter-output>
        </test-method> <!-- setUp -->
        <test-method signature="verify_Login()[pri:1, instance:testCases.TC_002_LoginTest@2c4d1ac]" started-at="2026-04-10T11:48:58 IST" name="verify_Login" finished-at="2026-04-10T11:49:00 IST" duration-ms="2514" status="PASS">
          <reporter-output>
          </reporter-output>
        </test-method> <!-- verify_Login -->
        <test-method signature="verify_forgottenPassword()[pri:2, instance:testCases.TC_002_LoginTest@2c4d1ac]" started-at="2026-04-10T11:49:00 IST" name="verify_forgottenPassword" finished-at="2026-04-10T11:49:03 IST" duration-ms="2262" status="PASS">
          <reporter-output>
          </reporter-output>
        </test-method> <!-- verify_forgottenPassword -->
        <test-method is-config="true" signature="tearDown()[pri:0, instance:testCases.TC_002_LoginTest@2c4d1ac]" started-at="2026-04-10T11:49:03 IST" name="tearDown" finished-at="2026-04-10T11:49:03 IST" duration-ms="374" status="PASS">
          <reporter-output>
          </reporter-output>
        </test-method> <!-- tearDown -->
      </class> <!-- testCases.TC_002_LoginTest -->
      <class name="testCases.TC_004_EndToEndTest">
        <test-method is-config="true" signature="setUp(java.lang.String,java.lang.String)[pri:0, instance:testCases.TC_004_EndToEndTest@e57b96d]" started-at="2026-04-10T11:48:36 IST" name="setUp" finished-at="2026-04-10T11:48:37 IST" duration-ms="1787" status="PASS">
          <params>
            <param index="0">
              <value>
                <![CDATA[Windows]]>
              </value>
            </param>
            <param index="1">
              <value>
                <![CDATA[chrome]]>
              </value>
            </param>
          </params>
          <reporter-output>
          </reporter-output>
        </test-method> <!-- setUp -->
        <test-method signature="verify_registration_and_login_flow()[pri:1, instance:testCases.TC_004_EndToEndTest@e57b96d]" started-at="2026-04-10T11:48:37 IST" name="verify_registration_and_login_flow" finished-at="2026-04-10T11:48:45 IST" duration-ms="7922" status="PASS">
          <reporter-output>
          </reporter-output>
        </test-method> <!-- verify_registration_and_login_flow -->
        <test-method is-config="true" signature="tearDown()[pri:0, instance:testCases.TC_004_EndToEndTest@e57b96d]" started-at="2026-04-10T11:48:45 IST" name="tearDown" finished-at="2026-04-10T11:48:46 IST" duration-ms="433" status="PASS">
          <reporter-output>
          </reporter-output>
        </test-method> <!-- tearDown -->
      </class> <!-- testCases.TC_004_EndToEndTest -->
    </test> <!-- ChromeTest -->
  </suite> <!-- Master Suite -->
</testng-results>
