<?xml version="1.0" encoding="UTF-8"?>
<testng-results ignored="0" total="4" passed="4" failed="0" skipped="0">
  <reporter-output>
  </reporter-output>
  <suite started-at="2026-03-22T15:58:53 IST" name="Master Suite" finished-at="2026-03-22T15:59:18 IST" duration-ms="25564">
    <groups>
      <group name="Master">
        <method signature="TC_001_AccountRegisterationTest.verify_Account_Registeration()[pri:0, instance:testCases.TC_001_AccountRegisterationTest@64bce832]" name="verify_Account_Registeration" class="testCases.TC_001_AccountRegisterationTest"/>
        <method signature="TC_002_LoginTest.verify_Login()[pri:0, instance:testCases.TC_002_LoginTest@4f5991f6]" name="verify_Login" class="testCases.TC_002_LoginTest"/>
        <method signature="TC_001_AccountRegisterationTest.verify_Account_Registeration()[pri:0, instance:testCases.TC_001_AccountRegisterationTest@1a20270e]" name="verify_Account_Registeration" class="testCases.TC_001_AccountRegisterationTest"/>
        <method signature="TC_002_LoginTest.verify_Login()[pri:0, instance:testCases.TC_002_LoginTest@6b88ca8c]" name="verify_Login" class="testCases.TC_002_LoginTest"/>
      </group> <!-- Master -->
      <group name="Sanity">
        <method signature="TC_002_LoginTest.verify_Login()[pri:0, instance:testCases.TC_002_LoginTest@4f5991f6]" name="verify_Login" class="testCases.TC_002_LoginTest"/>
        <method signature="TC_002_LoginTest.verify_Login()[pri:0, instance:testCases.TC_002_LoginTest@6b88ca8c]" name="verify_Login" class="testCases.TC_002_LoginTest"/>
      </group> <!-- Sanity -->
      <group name="Regression">
        <method signature="TC_001_AccountRegisterationTest.verify_Account_Registeration()[pri:0, instance:testCases.TC_001_AccountRegisterationTest@64bce832]" name="verify_Account_Registeration" class="testCases.TC_001_AccountRegisterationTest"/>
        <method signature="TC_001_AccountRegisterationTest.verify_Account_Registeration()[pri:0, instance:testCases.TC_001_AccountRegisterationTest@1a20270e]" name="verify_Account_Registeration" class="testCases.TC_001_AccountRegisterationTest"/>
      </group> <!-- Regression -->
    </groups>
    <test started-at="2026-03-22T15:58:53 IST" name="ChromeTest" finished-at="2026-03-22T15:59:03 IST" duration-ms="10256">
      <class name="testCases.TC_001_AccountRegisterationTest">
        <test-method is-config="true" signature="setUp(java.lang.String,java.lang.String)[pri:0, instance:testCases.TC_001_AccountRegisterationTest@64bce832]" started-at="2026-03-22T15:58:53 IST" name="setUp" finished-at="2026-03-22T15:58:56 IST" duration-ms="3464" status="PASS">
          <params>
            <param index="0">
              <value>
                <![CDATA[Windows]]>
              </value>
            </param>
            <param index="1">
              <value>
                <![CDATA[chrome]]>
              </value>
            </param>
          </params>
          <reporter-output>
          </reporter-output>
        </test-method> <!-- setUp -->
        <test-method signature="verify_Account_Registeration()[pri:0, instance:testCases.TC_001_AccountRegisterationTest@64bce832]" started-at="2026-03-22T15:58:56 IST" name="verify_Account_Registeration" finished-at="2026-03-22T15:58:59 IST" duration-ms="2845" status="PASS">
          <reporter-output>
          </reporter-output>
        </test-method> <!-- verify_Account_Registeration -->
        <test-method is-config="true" signature="tearDown()[pri:0, instance:testCases.TC_001_AccountRegisterationTest@64bce832]" started-at="2026-03-22T15:58:59 IST" name="tearDown" finished-at="2026-03-22T15:58:59 IST" duration-ms="93" status="PASS">
          <reporter-output>
          </reporter-output>
        </test-method> <!-- tearDown -->
      </class> <!-- testCases.TC_001_AccountRegisterationTest -->
      <class name="testCases.TC_002_LoginTest">
        <test-method is-config="true" signature="setUp(java.lang.String,java.lang.String)[pri:0, instance:testCases.TC_002_LoginTest@4f5991f6]" started-at="2026-03-22T15:58:59 IST" name="setUp" finished-at="2026-03-22T15:59:01 IST" duration-ms="1732" status="PASS">
          <params>
            <param index="0">
              <value>
                <![CDATA[Windows]]>
              </value>
            </param>
            <param index="1">
              <value>
                <![CDATA[chrome]]>
              </value>
            </param>
          </params>
          <reporter-output>
          </reporter-output>
        </test-method> <!-- setUp -->
        <test-method signature="verify_Login()[pri:0, instance:testCases.TC_002_LoginTest@4f5991f6]" started-at="2026-03-22T15:59:01 IST" name="verify_Login" finished-at="2026-03-22T15:59:03 IST" duration-ms="1832" status="PASS">
          <reporter-output>
          </reporter-output>
        </test-method> <!-- verify_Login -->
        <test-method is-config="true" signature="tearDown()[pri:0, instance:testCases.TC_002_LoginTest@4f5991f6]" started-at="2026-03-22T15:59:03 IST" name="tearDown" finished-at="2026-03-22T15:59:03 IST" duration-ms="84" status="PASS">
          <reporter-output>
          </reporter-output>
        </test-method> <!-- tearDown -->
      </class> <!-- testCases.TC_002_LoginTest -->
    </test> <!-- ChromeTest -->
    <test started-at="2026-03-22T15:59:05 IST" name="FirefoxTest" finished-at="2026-03-22T15:59:18 IST" duration-ms="13554">
      <class name="testCases.TC_001_AccountRegisterationTest">
        <test-method is-config="true" signature="setUp(java.lang.String,java.lang.String)[pri:0, instance:testCases.TC_001_AccountRegisterationTest@1a20270e]" started-at="2026-03-22T15:59:05 IST" name="setUp" finished-at="2026-03-22T15:59:10 IST" duration-ms="4792" status="PASS">
          <params>
            <param index="0">
              <value>
                <![CDATA[Linux]]>
              </value>
            </param>
            <param index="1">
              <value>
                <![CDATA[firefox]]>
              </value>
            </param>
          </params>
          <reporter-output>
          </reporter-output>
        </test-method> <!-- setUp -->
        <test-method signature="verify_Account_Registeration()[pri:0, instance:testCases.TC_001_AccountRegisterationTest@1a20270e]" started-at="2026-03-22T15:59:10 IST" name="verify_Account_Registeration" finished-at="2026-03-22T15:59:12 IST" duration-ms="2192" status="PASS">
          <reporter-output>
          </reporter-output>
        </test-method> <!-- verify_Account_Registeration -->
        <test-method is-config="true" signature="tearDown()[pri:0, instance:testCases.TC_001_AccountRegisterationTest@1a20270e]" started-at="2026-03-22T15:59:12 IST" name="tearDown" finished-at="2026-03-22T15:59:13 IST" duration-ms="990" status="PASS">
          <reporter-output>
          </reporter-output>
        </test-method> <!-- tearDown -->
      </class> <!-- testCases.TC_001_AccountRegisterationTest -->
      <class name="testCases.TC_002_LoginTest">
        <test-method is-config="true" signature="setUp(java.lang.String,java.lang.String)[pri:0, instance:testCases.TC_002_LoginTest@6b88ca8c]" started-at="2026-03-22T15:59:13 IST" name="setUp" finished-at="2026-03-22T15:59:16 IST" duration-ms="3307" status="PASS">
          <params>
            <param index="0">
              <value>
                <![CDATA[Linux]]>
              </value>
            </param>
            <param index="1">
              <value>
                <![CDATA[firefox]]>
              </value>
            </param>
          </params>
          <reporter-output>
          </reporter-output>
        </test-method> <!-- setUp -->
        <test-method signature="verify_Login()[pri:0, instance:testCases.TC_002_LoginTest@6b88ca8c]" started-at="2026-03-22T15:59:16 IST" name="verify_Login" finished-at="2026-03-22T15:59:18 IST" duration-ms="1513" status="PASS">
          <reporter-output>
          </reporter-output>
        </test-method> <!-- verify_Login -->
        <test-method is-config="true" signature="tearDown()[pri:0, instance:testCases.TC_002_LoginTest@6b88ca8c]" started-at="2026-03-22T15:59:18 IST" name="tearDown" finished-at="2026-03-22T15:59:18 IST" duration-ms="748" status="PASS">
          <reporter-output>
          </reporter-output>
        </test-method> <!-- tearDown -->
      </class> <!-- testCases.TC_002_LoginTest -->
    </test> <!-- FirefoxTest -->
  </suite> <!-- Master Suite -->
</testng-results>
