<?xml version="1.0" encoding="UTF-8"?>
<testng-results ignored="0" total="4" passed="4" failed="0" skipped="0">
  <reporter-output>
  </reporter-output>
  <suite started-at="2026-03-21T23:59:37 IST" name="Suite" finished-at="2026-03-21T23:59:57 IST" duration-ms="19203">
    <groups>
      <group name="Master">
        <method signature="TC_001_AccountRegisterationTest.verify_Account_Registeration()[pri:0, instance:testCases.TC_001_AccountRegisterationTest@33fe57a9]" name="verify_Account_Registeration" class="testCases.TC_001_AccountRegisterationTest"/>
        <method signature="TC_002_LoginTest.verify_Login()[pri:0, instance:testCases.TC_002_LoginTest@71529963]" name="verify_Login" class="testCases.TC_002_LoginTest"/>
        <method signature="TC_001_AccountRegisterationTest.verify_Account_Registeration()[pri:0, instance:testCases.TC_001_AccountRegisterationTest@2654635]" name="verify_Account_Registeration" class="testCases.TC_001_AccountRegisterationTest"/>
        <method signature="TC_002_LoginTest.verify_Login()[pri:0, instance:testCases.TC_002_LoginTest@737a135b]" name="verify_Login" class="testCases.TC_002_LoginTest"/>
      </group> <!-- Master -->
      <group name="Sanity">
        <method signature="TC_002_LoginTest.verify_Login()[pri:0, instance:testCases.TC_002_LoginTest@71529963]" name="verify_Login" class="testCases.TC_002_LoginTest"/>
        <method signature="TC_002_LoginTest.verify_Login()[pri:0, instance:testCases.TC_002_LoginTest@737a135b]" name="verify_Login" class="testCases.TC_002_LoginTest"/>
      </group> <!-- Sanity -->
      <group name="Regression">
        <method signature="TC_001_AccountRegisterationTest.verify_Account_Registeration()[pri:0, instance:testCases.TC_001_AccountRegisterationTest@33fe57a9]" name="verify_Account_Registeration" class="testCases.TC_001_AccountRegisterationTest"/>
        <method signature="TC_001_AccountRegisterationTest.verify_Account_Registeration()[pri:0, instance:testCases.TC_001_AccountRegisterationTest@2654635]" name="verify_Account_Registeration" class="testCases.TC_001_AccountRegisterationTest"/>
      </group> <!-- Regression -->
    </groups>
    <test started-at="2026-03-21T23:59:37 IST" name="Linux-Chrome" finished-at="2026-03-21T23:59:45 IST" duration-ms="7592">
      <class name="testCases.TC_001_AccountRegisterationTest">
        <test-method is-config="true" signature="setUp(java.lang.String,java.lang.String)[pri:0, instance:testCases.TC_001_AccountRegisterationTest@33fe57a9]" started-at="2026-03-21T23:59:37 IST" name="setUp" finished-at="2026-03-21T23:59:39 IST" duration-ms="1676" status="PASS">
          <params>
            <param index="0">
              <value>
                <![CDATA[Linux]]>
              </value>
            </param>
            <param index="1">
              <value>
                <![CDATA[chrome]]>
              </value>
            </param>
          </params>
          <reporter-output>
          </reporter-output>
        </test-method> <!-- setUp -->
        <test-method signature="verify_Account_Registeration()[pri:0, instance:testCases.TC_001_AccountRegisterationTest@33fe57a9]" started-at="2026-03-21T23:59:39 IST" name="verify_Account_Registeration" finished-at="2026-03-21T23:59:41 IST" duration-ms="1771" status="PASS">
          <reporter-output>
          </reporter-output>
        </test-method> <!-- verify_Account_Registeration -->
        <test-method is-config="true" signature="tearDown()[pri:0, instance:testCases.TC_001_AccountRegisterationTest@33fe57a9]" started-at="2026-03-21T23:59:41 IST" name="tearDown" finished-at="2026-03-21T23:59:41 IST" duration-ms="83" status="PASS">
          <reporter-output>
          </reporter-output>
        </test-method> <!-- tearDown -->
      </class> <!-- testCases.TC_001_AccountRegisterationTest -->
      <class name="testCases.TC_002_LoginTest">
        <test-method is-config="true" signature="setUp(java.lang.String,java.lang.String)[pri:0, instance:testCases.TC_002_LoginTest@71529963]" started-at="2026-03-21T23:59:41 IST" name="setUp" finished-at="2026-03-21T23:59:43 IST" duration-ms="2373" status="PASS">
          <params>
            <param index="0">
              <value>
                <![CDATA[Linux]]>
              </value>
            </param>
            <param index="1">
              <value>
                <![CDATA[chrome]]>
              </value>
            </param>
          </params>
          <reporter-output>
          </reporter-output>
        </test-method> <!-- setUp -->
        <test-method signature="verify_Login()[pri:0, instance:testCases.TC_002_LoginTest@71529963]" started-at="2026-03-21T23:59:43 IST" name="verify_Login" finished-at="2026-03-21T23:59:45 IST" duration-ms="1469" status="PASS">
          <reporter-output>
          </reporter-output>
        </test-method> <!-- verify_Login -->
        <test-method is-config="true" signature="tearDown()[pri:0, instance:testCases.TC_002_LoginTest@71529963]" started-at="2026-03-21T23:59:45 IST" name="tearDown" finished-at="2026-03-21T23:59:45 IST" duration-ms="81" status="PASS">
          <reporter-output>
          </reporter-output>
        </test-method> <!-- tearDown -->
      </class> <!-- testCases.TC_002_LoginTest -->
    </test> <!-- Linux-Chrome -->
    <test started-at="2026-03-21T23:59:47 IST" name="Linux-Firefox" finished-at="2026-03-21T23:59:57 IST" duration-ms="9722">
      <class name="testCases.TC_001_AccountRegisterationTest">
        <test-method is-config="true" signature="setUp(java.lang.String,java.lang.String)[pri:0, instance:testCases.TC_001_AccountRegisterationTest@2654635]" started-at="2026-03-21T23:59:47 IST" name="setUp" finished-at="2026-03-21T23:59:50 IST" duration-ms="2762" status="PASS">
          <params>
            <param index="0">
              <value>
                <![CDATA[Linux]]>
              </value>
            </param>
            <param index="1">
              <value>
                <![CDATA[firefox]]>
              </value>
            </param>
          </params>
          <reporter-output>
          </reporter-output>
        </test-method> <!-- setUp -->
        <test-method signature="verify_Account_Registeration()[pri:0, instance:testCases.TC_001_AccountRegisterationTest@2654635]" started-at="2026-03-21T23:59:50 IST" name="verify_Account_Registeration" finished-at="2026-03-21T23:59:51 IST" duration-ms="1873" status="PASS">
          <reporter-output>
          </reporter-output>
        </test-method> <!-- verify_Account_Registeration -->
        <test-method is-config="true" signature="tearDown()[pri:0, instance:testCases.TC_001_AccountRegisterationTest@2654635]" started-at="2026-03-21T23:59:51 IST" name="tearDown" finished-at="2026-03-21T23:59:52 IST" duration-ms="576" status="PASS">
          <reporter-output>
          </reporter-output>
        </test-method> <!-- tearDown -->
      </class> <!-- testCases.TC_001_AccountRegisterationTest -->
      <class name="testCases.TC_002_LoginTest">
        <test-method is-config="true" signature="setUp(java.lang.String,java.lang.String)[pri:0, instance:testCases.TC_002_LoginTest@737a135b]" started-at="2026-03-21T23:59:52 IST" name="setUp" finished-at="2026-03-21T23:59:55 IST" duration-ms="2668" status="PASS">
          <params>
            <param index="0">
              <value>
                <![CDATA[Linux]]>
              </value>
            </param>
            <param index="1">
              <value>
                <![CDATA[firefox]]>
              </value>
            </param>
          </params>
          <reporter-output>
          </reporter-output>
        </test-method> <!-- setUp -->
        <test-method signature="verify_Login()[pri:0, instance:testCases.TC_002_LoginTest@737a135b]" started-at="2026-03-21T23:59:55 IST" name="verify_Login" finished-at="2026-03-21T23:59:56 IST" duration-ms="1267" status="PASS">
          <reporter-output>
          </reporter-output>
        </test-method> <!-- verify_Login -->
        <test-method is-config="true" signature="tearDown()[pri:0, instance:testCases.TC_002_LoginTest@737a135b]" started-at="2026-03-21T23:59:56 IST" name="tearDown" finished-at="2026-03-21T23:59:57 IST" duration-ms="569" status="PASS">
          <reporter-output>
          </reporter-output>
        </test-method> <!-- tearDown -->
      </class> <!-- testCases.TC_002_LoginTest -->
    </test> <!-- Linux-Firefox -->
  </suite> <!-- Suite -->
</testng-results>
