<?xml version="1.0" encoding="UTF-8"?>
<!-- Generated by org.testng.reporters.JUnitReportReporter -->
<testsuite hostname="LAPTOP-8QH12R2U" failures="0" tests="2" name="testCases.TC_001_AccountRegisterationTest" time="3.644" errors="0" timestamp="2026-03-21T23:59:57 IST" skipped="0">
  <testcase classname="testCases.TC_001_AccountRegisterationTest" name="verify_Account_Registeration" time="1.873"/>
  <testcase classname="testCases.TC_001_AccountRegisterationTest" name="verify_Account_Registeration" time="1.771"/>
</testsuite> <!-- testCases.TC_001_AccountRegisterationTest -->
