<?xml version="1.0" encoding="UTF-8"?>
<!-- Generated by org.testng.reporters.JUnitReportReporter -->
<testsuite hostname="LAPTOP-8QH12R2U" failures="0" tests="2" name="testCases.TC_002_LoginTest" time="4.776" errors="0" timestamp="2026-04-10T11:49:04 IST" skipped="0">
  <testcase classname="testCases.TC_002_LoginTest" name="verify_Login" time="2.514"/>
  <testcase classname="testCases.TC_002_LoginTest" name="verify_forgottenPassword" time="2.262"/>
</testsuite> <!-- testCases.TC_002_LoginTest -->
