<?xml version="1.0" encoding="UTF-8"?>
<!-- Generated by org.testng.reporters.JUnitReportReporter -->
<testsuite hostname="LAPTOP-8QH12R2U" failures="0" tests="3" name="testCases.TC_002_LoginTest" time="4.891" errors="0" timestamp="2026-04-10T14:02:34 IST" skipped="0">
  <testcase classname="testCases.TC_002_LoginTest" name="verify_Login" time="1.955"/>
  <testcase classname="testCases.TC_002_LoginTest" name="verify_forgottenPassword" time="1.773"/>
  <testcase classname="testCases.TC_002_LoginTest" name="verifyErrorMessageForInvalidLoginCredentials" time="1.163"/>
</testsuite> <!-- testCases.TC_002_LoginTest -->
