<?xml version="1.0" encoding="UTF-8"?>
<!-- Generated by org.testng.reporters.JUnitReportReporter -->
<testsuite hostname="LAPTOP-8QH12R2U" failures="0" tests="2" name="testCases.TC_001_AccountRegisterationTest" time="5.037" errors="0" timestamp="2026-03-22T15:59:19 IST" skipped="0">
  <testcase classname="testCases.TC_001_AccountRegisterationTest" name="verify_Account_Registeration" time="2.192"/>
  <testcase classname="testCases.TC_001_AccountRegisterationTest" name="verify_Account_Registeration" time="2.845"/>
</testsuite> <!-- testCases.TC_001_AccountRegisterationTest -->
