<?xml version="1.0" encoding="UTF-8"?>
<!-- Generated by org.testng.reporters.JUnitReportReporter -->
<testsuite hostname="LAPTOP-8QH12R2U" failures="0" tests="4" name="testCases.TC_001_AccountRegisterationTest" time="8.475" errors="0" timestamp="2026-04-10T14:02:34 IST" skipped="0">
  <testcase classname="testCases.TC_001_AccountRegisterationTest" name="verify_Account_Registeration" time="4.492"/>
  <testcase classname="testCases.TC_001_AccountRegisterationTest" name="verify_mandatoryFieldErrors" time="2.549"/>
  <testcase classname="testCases.TC_001_AccountRegisterationTest" name="verify_passwordFieldAppearsAsPasswordType" time="0.567"/>
  <testcase classname="testCases.TC_001_AccountRegisterationTest" name="verify_emailFieldAppearsAsEmailType" time="0.867"/>
</testsuite> <!-- testCases.TC_001_AccountRegisterationTest -->
